0 info it worked if it ends with ok
1 verbose cli [ '/usr/local/bin/node',
1 verbose cli   '/usr/local/lib/node_modules/@jd/jnpm/node_modules/.bin/npm',
1 verbose cli   '--userconfig=/Users/caijieying/.jnpmrc',
1 verbose cli   '--disturl=https://npm.taobao.org/mirrors/node',
1 verbose cli   '--registry=http://registry.m.jd.com',
1 verbose cli   'run',
1 verbose cli   'show' ]
2 info using npm@3.10.10
3 info using node@v8.11.3
4 verbose run-script [ 'preshow', 'show', 'postshow' ]
5 info lifecycle basic-template@1.0.0~preshow: basic-template@1.0.0
6 silly lifecycle basic-template@1.0.0~preshow: no script for preshow, continuing
7 info lifecycle basic-template@1.0.0~show: basic-template@1.0.0
8 verbose lifecycle basic-template@1.0.0~show: unsafe-perm in lifecycle true
9 verbose lifecycle basic-template@1.0.0~show: PATH: /usr/local/lib/node_modules/@jd/jnpm/node_modules/npm/bin/node-gyp-bin:/Users/caijieying/works/1_learning/threejsLesson/node_modules/.bin:/works/softwares/commands:/usr/local/bin:/usr/bin:/bin:/usr/sbin:/sbin:/Applications/Wireshark.app/Contents/MacOS
10 verbose lifecycle basic-template@1.0.0~show: CWD: /Users/caijieying/works/1_learning/threejsLesson
11 silly lifecycle basic-template@1.0.0~show: Args: [ '-c', 'webpack-dev-server' ]
12 silly lifecycle basic-template@1.0.0~show: Returned: code: 1  signal: null
13 info lifecycle basic-template@1.0.0~show: Failed to exec show script
14 verbose stack Error: basic-template@1.0.0 show: `webpack-dev-server`
14 verbose stack Exit status 1
14 verbose stack     at EventEmitter.<anonymous> (/usr/local/lib/node_modules/@jd/jnpm/node_modules/npm/lib/utils/lifecycle.js:255:16)
14 verbose stack     at emitTwo (events.js:126:13)
14 verbose stack     at EventEmitter.emit (events.js:214:7)
14 verbose stack     at ChildProcess.<anonymous> (/usr/local/lib/node_modules/@jd/jnpm/node_modules/npm/lib/utils/spawn.js:40:14)
14 verbose stack     at emitTwo (events.js:126:13)
14 verbose stack     at ChildProcess.emit (events.js:214:7)
14 verbose stack     at maybeClose (internal/child_process.js:925:16)
14 verbose stack     at Process.ChildProcess._handle.onexit (internal/child_process.js:209:5)
15 verbose pkgid basic-template@1.0.0
16 verbose cwd /Users/caijieying/works/1_learning/threejsLesson
17 error Darwin 17.2.0
18 error argv "/usr/local/bin/node" "/usr/local/lib/node_modules/@jd/jnpm/node_modules/.bin/npm" "--userconfig=/Users/caijieying/.jnpmrc" "--disturl=https://npm.taobao.org/mirrors/node" "--registry=http://registry.m.jd.com" "run" "show"
19 error node v8.11.3
20 error npm  v3.10.10
21 error code ELIFECYCLE
22 error basic-template@1.0.0 show: `webpack-dev-server`
22 error Exit status 1
23 error Failed at the basic-template@1.0.0 show script 'webpack-dev-server'.
23 error Make sure you have the latest version of node.js and npm installed.
23 error If you do, this is most likely a problem with the basic-template package,
23 error not with npm itself.
23 error Tell the author that this fails on your system:
23 error     webpack-dev-server
23 error You can get information on how to open an issue for this project with:
23 error     npm bugs basic-template
23 error Or if that isn't available, you can get their info via:
23 error     npm owner ls basic-template
23 error There is likely additional logging output above.
24 verbose exit [ 1, true ]
